  BlockChain.cpp
  ChaosModule.cpp
  DriveModule.cpp
  FiltersModule.cpp
  GainModule.cpp
  PluginEditor.cpp
  PluginProcessor.cpp
  ProcessorCore.cpp
C:\Users\lando\Documents\GitHub\Overdrive_Pedal\Windows\Overdrive_Pedal\Source\ViatorDial.h(25,24): warning C4244: 'initializing': conversion from 'double' to 'float', possible loss of data (compiling source file ..\..\Source\DriveModule.cpp)
C:\Users\lando\Documents\GitHub\Overdrive_Pedal\Windows\Overdrive_Pedal\Source\ViatorDial.h(26,22): warning C4244: 'initializing': conversion from 'double' to 'float', possible loss of data (compiling source file ..\..\Source\DriveModule.cpp)
C:\Users\lando\Documents\GitHub\Overdrive_Pedal\Windows\Overdrive_Pedal\Source\ViatorDial.h(27,23): warning C4244: 'initializing': conversion from 'double' to 'float', possible loss of data (compiling source file ..\..\Source\DriveModule.cpp)
C:\Users\lando\Documents\GitHub\Overdrive_Pedal\Windows\Overdrive_Pedal\Source\ViatorDial.h(28,23): warning C4244: 'initializing': conversion from 'double' to 'float', possible loss of data (compiling source file ..\..\Source\DriveModule.cpp)
C:\Users\lando\Documents\GitHub\Overdrive_Pedal\Windows\Overdrive_Pedal\Source\ViatorDial.h(34,1): warning C4305: 'argument': truncation from 'double' to 'float' (compiling source file ..\..\Source\DriveModule.cpp)
C:\Users\lando\Documents\GitHub\Overdrive_Pedal\Windows\Overdrive_Pedal\Source\ViatorDial.h(35,1): warning C4305: 'argument': truncation from 'double' to 'float' (compiling source file ..\..\Source\DriveModule.cpp)
C:\Users\lando\Documents\GitHub\Overdrive_Pedal\Windows\Overdrive_Pedal\Source\ViatorDial.h(25,24): warning C4244: 'initializing': conversion from 'double' to 'float', possible loss of data (compiling source file ..\..\Source\FiltersModule.cpp)
C:\Users\lando\Documents\GitHub\Overdrive_Pedal\Windows\Overdrive_Pedal\Source\ViatorDial.h(35,216): warning C4244: 'argument': conversion from 'double' to 'float', possible loss of data (compiling source file ..\..\Source\DriveModule.cpp)
C:\Users\lando\Documents\GitHub\Overdrive_Pedal\Windows\Overdrive_Pedal\Source\ViatorDial.h(26,22): warning C4244: 'initializing': conversion from 'double' to 'float', possible loss of data (compiling source file ..\..\Source\FiltersModule.cpp)
C:\Users\lando\Documents\GitHub\Overdrive_Pedal\Windows\Overdrive_Pedal\Source\ViatorDial.h(35,135): warning C4244: 'argument': conversion from 'double' to 'float', possible loss of data (compiling source file ..\..\Source\DriveModule.cpp)
C:\Users\lando\Documents\GitHub\Overdrive_Pedal\Windows\Overdrive_Pedal\Source\ViatorDial.h(27,23): warning C4244: 'initializing': conversion from 'double' to 'float', possible loss of data (compiling source file ..\..\Source\FiltersModule.cpp)
C:\Users\lando\Documents\GitHub\Overdrive_Pedal\Windows\Overdrive_Pedal\Source\ViatorDial.h(25,24): warning C4244: 'initializing': conversion from 'double' to 'float', possible loss of data (compiling source file ..\..\Source\ProcessorCore.cpp)
C:\Users\lando\Documents\GitHub\Overdrive_Pedal\Windows\Overdrive_Pedal\Source\ViatorDial.h(25,24): warning C4244: 'initializing': conversion from 'double' to 'float', possible loss of data (compiling source file ..\..\Source\BlockChain.cpp)
C:\Users\lando\Documents\GitHub\Overdrive_Pedal\Windows\Overdrive_Pedal\Source\ViatorDial.h(25,24): warning C4244: 'initializing': conversion from 'double' to 'float', possible loss of data (compiling source file ..\..\Source\GainModule.cpp)
C:\Users\lando\Documents\GitHub\Overdrive_Pedal\Windows\Overdrive_Pedal\Source\ViatorDial.h(25,24): warning C4244: 'initializing': conversion from 'double' to 'float', possible loss of data (compiling source file ..\..\Source\ChaosModule.cpp)
C:\Users\lando\Documents\GitHub\Overdrive_Pedal\Windows\Overdrive_Pedal\Source\ViatorDial.h(28,23): warning C4244: 'initializing': conversion from 'double' to 'float', possible loss of data (compiling source file ..\..\Source\FiltersModule.cpp)
C:\Users\lando\Documents\GitHub\Overdrive_Pedal\Windows\Overdrive_Pedal\Source\ViatorDial.h(26,22): warning C4244: 'initializing': conversion from 'double' to 'float', possible loss of data (compiling source file ..\..\Source\ProcessorCore.cpp)
C:\Users\lando\Documents\GitHub\Overdrive_Pedal\Windows\Overdrive_Pedal\Source\ViatorDial.h(40,60): warning C4244: 'argument': conversion from 'double' to 'float', possible loss of data (compiling source file ..\..\Source\DriveModule.cpp)
C:\Users\lando\Documents\GitHub\Overdrive_Pedal\Windows\Overdrive_Pedal\Source\ViatorDial.h(26,22): warning C4244: 'initializing': conversion from 'double' to 'float', possible loss of data (compiling source file ..\..\Source\BlockChain.cpp)
C:\Users\lando\Documents\GitHub\Overdrive_Pedal\Windows\Overdrive_Pedal\Source\ViatorDial.h(26,22): warning C4244: 'initializing': conversion from 'double' to 'float', possible loss of data (compiling source file ..\..\Source\ChaosModule.cpp)
C:\Users\lando\Documents\GitHub\Overdrive_Pedal\Windows\Overdrive_Pedal\Source\ViatorDial.h(27,23): warning C4244: 'initializing': conversion from 'double' to 'float', possible loss of data (compiling source file ..\..\Source\ProcessorCore.cpp)
C:\Users\lando\Documents\GitHub\Overdrive_Pedal\Windows\Overdrive_Pedal\Source\ViatorDial.h(27,23): warning C4244: 'initializing': conversion from 'double' to 'float', possible loss of data (compiling source file ..\..\Source\ChaosModule.cpp)
C:\Users\lando\Documents\GitHub\Overdrive_Pedal\Windows\Overdrive_Pedal\Source\ViatorDial.h(34,1): warning C4305: 'argument': truncation from 'double' to 'float' (compiling source file ..\..\Source\FiltersModule.cpp)
C:\Users\lando\Documents\GitHub\Overdrive_Pedal\Windows\Overdrive_Pedal\Source\ViatorDial.h(27,23): warning C4244: 'initializing': conversion from 'double' to 'float', possible loss of data (compiling source file ..\..\Source\BlockChain.cpp)
C:\Users\lando\Documents\GitHub\Overdrive_Pedal\Windows\Overdrive_Pedal\Source\ViatorDial.h(26,22): warning C4244: 'initializing': conversion from 'double' to 'float', possible loss of data (compiling source file ..\..\Source\GainModule.cpp)
C:\Users\lando\Documents\GitHub\Overdrive_Pedal\Windows\Overdrive_Pedal\Source\ViatorDial.h(28,23): warning C4244: 'initializing': conversion from 'double' to 'float', possible loss of data (compiling source file ..\..\Source\ProcessorCore.cpp)
C:\Users\lando\Documents\GitHub\Overdrive_Pedal\Windows\Overdrive_Pedal\Source\ViatorDial.h(28,23): warning C4244: 'initializing': conversion from 'double' to 'float', possible loss of data (compiling source file ..\..\Source\ChaosModule.cpp)
C:\Users\lando\Documents\GitHub\Overdrive_Pedal\Windows\Overdrive_Pedal\Source\ViatorDial.h(28,23): warning C4244: 'initializing': conversion from 'double' to 'float', possible loss of data (compiling source file ..\..\Source\BlockChain.cpp)
C:\Users\lando\Documents\GitHub\Overdrive_Pedal\Windows\Overdrive_Pedal\Source\ViatorDial.h(27,23): warning C4244: 'initializing': conversion from 'double' to 'float', possible loss of data (compiling source file ..\..\Source\GainModule.cpp)
C:\Users\lando\Documents\GitHub\Overdrive_Pedal\Windows\Overdrive_Pedal\Source\ViatorDial.h(34,1): warning C4305: 'argument': truncation from 'double' to 'float' (compiling source file ..\..\Source\ProcessorCore.cpp)
C:\Users\lando\Documents\GitHub\Overdrive_Pedal\Windows\Overdrive_Pedal\Source\ViatorDial.h(35,1): warning C4305: 'argument': truncation from 'double' to 'float' (compiling source file ..\..\Source\FiltersModule.cpp)
C:\Users\lando\Documents\GitHub\Overdrive_Pedal\Windows\Overdrive_Pedal\Source\ViatorDial.h(23,160): warning C4100: 'slider': unreferenced formal parameter (compiling source file ..\..\Source\DriveModule.cpp)
C:\Users\lando\Documents\GitHub\Overdrive_Pedal\Windows\Overdrive_Pedal\Source\ViatorDial.h(34,1): warning C4305: 'argument': truncation from 'double' to 'float' (compiling source file ..\..\Source\BlockChain.cpp)
C:\Users\lando\Documents\GitHub\Overdrive_Pedal\Windows\Overdrive_Pedal\Source\ViatorDial.h(34,1): warning C4305: 'argument': truncation from 'double' to 'float' (compiling source file ..\..\Source\ChaosModule.cpp)
C:\Users\lando\Documents\GitHub\Overdrive_Pedal\Windows\Overdrive_Pedal\Source\ViatorDial.h(28,23): warning C4244: 'initializing': conversion from 'double' to 'float', possible loss of data (compiling source file ..\..\Source\GainModule.cpp)
C:\Users\lando\Documents\GitHub\Overdrive_Pedal\Windows\Overdrive_Pedal\Source\ViatorDial.h(34,1): warning C4305: 'argument': truncation from 'double' to 'float' (compiling source file ..\..\Source\GainModule.cpp)
C:\Users\lando\Documents\GitHub\Overdrive_Pedal\Windows\Overdrive_Pedal\Source\ViatorDial.h(35,1): warning C4305: 'argument': truncation from 'double' to 'float' (compiling source file ..\..\Source\ProcessorCore.cpp)
C:\Users\lando\Documents\GitHub\Overdrive_Pedal\Windows\Overdrive_Pedal\Source\ViatorDial.h(35,1): warning C4305: 'argument': truncation from 'double' to 'float' (compiling source file ..\..\Source\BlockChain.cpp)
C:\Users\lando\Documents\GitHub\Overdrive_Pedal\Windows\Overdrive_Pedal\Source\ViatorDial.h(35,1): warning C4305: 'argument': truncation from 'double' to 'float' (compiling source file ..\..\Source\ChaosModule.cpp)
C:\Users\lando\Documents\GitHub\Overdrive_Pedal\Windows\Overdrive_Pedal\Source\ViatorDial.h(35,1): warning C4305: 'argument': truncation from 'double' to 'float' (compiling source file ..\..\Source\GainModule.cpp)
C:\Users\lando\Documents\GitHub\Overdrive_Pedal\Windows\Overdrive_Pedal\Source\ViatorDial.h(25,24): warning C4244: 'initializing': conversion from 'double' to 'float', possible loss of data (compiling source file ..\..\Source\PluginProcessor.cpp)
C:\Users\lando\Documents\GitHub\Overdrive_Pedal\Windows\Overdrive_Pedal\Source\ViatorDial.h(35,216): warning C4244: 'argument': conversion from 'double' to 'float', possible loss of data (compiling source file ..\..\Source\BlockChain.cpp)
C:\Users\lando\Documents\GitHub\Overdrive_Pedal\Windows\Overdrive_Pedal\Source\ViatorDial.h(35,216): warning C4244: 'argument': conversion from 'double' to 'float', possible loss of data (compiling source file ..\..\Source\FiltersModule.cpp)
C:\Users\lando\Documents\GitHub\Overdrive_Pedal\Windows\Overdrive_Pedal\Source\ViatorDial.h(35,216): warning C4244: 'argument': conversion from 'double' to 'float', possible loss of data (compiling source file ..\..\Source\ProcessorCore.cpp)
C:\Users\lando\Documents\GitHub\Overdrive_Pedal\Windows\Overdrive_Pedal\Source\ViatorDial.h(35,216): warning C4244: 'argument': conversion from 'double' to 'float', possible loss of data (compiling source file ..\..\Source\ChaosModule.cpp)
C:\Users\lando\Documents\GitHub\Overdrive_Pedal\Windows\Overdrive_Pedal\Source\ViatorDial.h(35,216): warning C4244: 'argument': conversion from 'double' to 'float', possible loss of data (compiling source file ..\..\Source\GainModule.cpp)
C:\Users\lando\Documents\GitHub\Overdrive_Pedal\Windows\Overdrive_Pedal\Source\DriveModule.cpp(34,15): warning C4244: 'return': conversion from 'double' to 'float', possible loss of data
C:\Users\lando\Documents\GitHub\Overdrive_Pedal\Windows\Overdrive_Pedal\Source\ViatorDial.h(26,22): warning C4244: 'initializing': conversion from 'double' to 'float', possible loss of data (compiling source file ..\..\Source\PluginProcessor.cpp)
C:\Users\lando\Documents\GitHub\Overdrive_Pedal\Windows\Overdrive_Pedal\Source\ViatorDial.h(35,135): warning C4244: 'argument': conversion from 'double' to 'float', possible loss of data (compiling source file ..\..\Source\BlockChain.cpp)
C:\Users\lando\Documents\GitHub\Overdrive_Pedal\Windows\Overdrive_Pedal\Source\ViatorDial.h(35,135): warning C4244: 'argument': conversion from 'double' to 'float', possible loss of data (compiling source file ..\..\Source\GainModule.cpp)
C:\Users\lando\Documents\GitHub\Overdrive_Pedal\Windows\Overdrive_Pedal\Source\ViatorDial.h(35,135): warning C4244: 'argument': conversion from 'double' to 'float', possible loss of data (compiling source file ..\..\Source\ChaosModule.cpp)
C:\Users\lando\Documents\GitHub\Overdrive_Pedal\Windows\Overdrive_Pedal\Source\ViatorDial.h(35,135): warning C4244: 'argument': conversion from 'double' to 'float', possible loss of data (compiling source file ..\..\Source\FiltersModule.cpp)
C:\Users\lando\Documents\GitHub\Overdrive_Pedal\Windows\Overdrive_Pedal\Source\ViatorDial.h(27,23): warning C4244: 'initializing': conversion from 'double' to 'float', possible loss of data (compiling source file ..\..\Source\PluginProcessor.cpp)
C:\Users\lando\Documents\GitHub\Overdrive_Pedal\Windows\Overdrive_Pedal\Source\ViatorDial.h(35,135): warning C4244: 'argument': conversion from 'double' to 'float', possible loss of data (compiling source file ..\..\Source\ProcessorCore.cpp)
C:\Users\lando\Documents\GitHub\Overdrive_Pedal\Windows\Overdrive_Pedal\Source\ViatorDial.h(40,60): warning C4244: 'argument': conversion from 'double' to 'float', possible loss of data (compiling source file ..\..\Source\GainModule.cpp)
C:\Users\lando\Documents\GitHub\Overdrive_Pedal\Windows\Overdrive_Pedal\Source\ViatorDial.h(40,60): warning C4244: 'argument': conversion from 'double' to 'float', possible loss of data (compiling source file ..\..\Source\BlockChain.cpp)
C:\Users\lando\Documents\GitHub\Overdrive_Pedal\Windows\Overdrive_Pedal\Source\ViatorDial.h(28,23): warning C4244: 'initializing': conversion from 'double' to 'float', possible loss of data (compiling source file ..\..\Source\PluginProcessor.cpp)
C:\Users\lando\Documents\GitHub\Overdrive_Pedal\Windows\Overdrive_Pedal\Source\ViatorDial.h(40,60): warning C4244: 'argument': conversion from 'double' to 'float', possible loss of data (compiling source file ..\..\Source\ChaosModule.cpp)
C:\Users\lando\Documents\GitHub\Overdrive_Pedal\Windows\Overdrive_Pedal\Source\ViatorDial.h(40,60): warning C4244: 'argument': conversion from 'double' to 'float', possible loss of data (compiling source file ..\..\Source\FiltersModule.cpp)
C:\Users\lando\Documents\GitHub\Overdrive_Pedal\Windows\Overdrive_Pedal\Source\ViatorDial.h(40,60): warning C4244: 'argument': conversion from 'double' to 'float', possible loss of data (compiling source file ..\..\Source\ProcessorCore.cpp)
C:\Users\lando\Documents\GitHub\Overdrive_Pedal\Windows\Overdrive_Pedal\Source\ViatorDial.h(34,1): warning C4305: 'argument': truncation from 'double' to 'float' (compiling source file ..\..\Source\PluginProcessor.cpp)
C:\Users\lando\Documents\GitHub\Overdrive_Pedal\Windows\Overdrive_Pedal\Source\ViatorDial.h(23,160): warning C4100: 'slider': unreferenced formal parameter (compiling source file ..\..\Source\GainModule.cpp)
C:\Users\lando\Documents\GitHub\Overdrive_Pedal\Windows\Overdrive_Pedal\Source\ViatorDial.h(23,160): warning C4100: 'slider': unreferenced formal parameter (compiling source file ..\..\Source\FiltersModule.cpp)
C:\Users\lando\Documents\GitHub\Overdrive_Pedal\Windows\Overdrive_Pedal\Source\ViatorDial.h(23,160): warning C4100: 'slider': unreferenced formal parameter (compiling source file ..\..\Source\BlockChain.cpp)
C:\Users\lando\Documents\GitHub\Overdrive_Pedal\Windows\Overdrive_Pedal\Source\ViatorDial.h(23,160): warning C4100: 'slider': unreferenced formal parameter (compiling source file ..\..\Source\ChaosModule.cpp)
C:\Users\lando\Documents\GitHub\Overdrive_Pedal\Windows\Overdrive_Pedal\Source\ViatorDial.h(35,1): warning C4305: 'argument': truncation from 'double' to 'float' (compiling source file ..\..\Source\PluginProcessor.cpp)
C:\Users\lando\Documents\GitHub\Overdrive_Pedal\Windows\Overdrive_Pedal\Source\ViatorDial.h(23,160): warning C4100: 'slider': unreferenced formal parameter (compiling source file ..\..\Source\ProcessorCore.cpp)
C:\Users\lando\Documents\GitHub\Overdrive_Pedal\Windows\Overdrive_Pedal\Source\ViatorDial.h(35,216): warning C4244: 'argument': conversion from 'double' to 'float', possible loss of data (compiling source file ..\..\Source\PluginProcessor.cpp)
C:\Users\lando\Documents\GitHub\Overdrive_Pedal\Windows\Overdrive_Pedal\Source\ViatorDial.h(35,135): warning C4244: 'argument': conversion from 'double' to 'float', possible loss of data (compiling source file ..\..\Source\PluginProcessor.cpp)
C:\Users\lando\Documents\GitHub\Overdrive_Pedal\Windows\Overdrive_Pedal\Source\ViatorDial.h(40,60): warning C4244: 'argument': conversion from 'double' to 'float', possible loss of data (compiling source file ..\..\Source\PluginProcessor.cpp)
C:\Users\lando\Documents\GitHub\Overdrive_Pedal\Windows\Overdrive_Pedal\Source\ViatorDial.h(23,160): warning C4100: 'slider': unreferenced formal parameter (compiling source file ..\..\Source\PluginProcessor.cpp)
C:\Users\lando\Documents\GitHub\Overdrive_Pedal\Windows\Overdrive_Pedal\Source\GainModule.cpp(16,25): warning C4244: '=': conversion from 'double' to 'float', possible loss of data
C:\Users\lando\Documents\GitHub\Overdrive_Pedal\Windows\Overdrive_Pedal\Source\GainModule.cpp(17,28): warning C4244: '=': conversion from 'double' to 'float', possible loss of data
C:\Users\lando\Documents\GitHub\Overdrive_Pedal\Windows\Overdrive_Pedal\Source\GainModule.cpp(19,23): warning C4244: '=': conversion from 'double' to 'float', possible loss of data
C:\Users\lando\Documents\GitHub\Overdrive_Pedal\Windows\Overdrive_Pedal\Source\GainModule.cpp(20,26): warning C4244: '=': conversion from 'double' to 'float', possible loss of data
C:\Users\lando\Documents\GitHub\Overdrive_Pedal\Windows\Overdrive_Pedal\Source\ChaosModule.cpp(28,14): warning C4244: 'initializing': conversion from 'double' to 'float', possible loss of data
C:\Users\lando\Documents\GitHub\Overdrive_Pedal\Windows\Overdrive_Pedal\Source\FiltersModule.cpp(39,23): warning C4244: 'argument': conversion from 'double' to 'const float', possible loss of data
C:\Users\lando\Documents\GitHub\Overdrive_Pedal\Windows\Overdrive_Pedal\Source\GainModule.cpp(14,72): warning C4100: 'spec': unreferenced formal parameter
C:\Users\lando\Documents\GitHub\Overdrive_Pedal\Windows\Overdrive_Pedal\Source\ChaosModule.cpp(29,14): warning C4244: 'initializing': conversion from 'double' to 'float', possible loss of data
C:\Users\lando\Documents\GitHub\Overdrive_Pedal\Windows\Overdrive_Pedal\Source\ChaosModule.cpp(30,14): warning C4244: 'initializing': conversion from 'double' to 'float', possible loss of data
C:\Users\lando\Documents\GitHub\Overdrive_Pedal\Windows\Overdrive_Pedal\Source\ChaosModule.cpp(31,16): warning C4244: 'initializing': conversion from 'double' to 'float', possible loss of data
C:\Users\lando\Documents\GitHub\Overdrive_Pedal\Windows\Overdrive_Pedal\Source\ProcessorCore.cpp(29,65): warning C4244: '=': conversion from 'double' to 'float', possible loss of data
C:\Users\lando\Documents\GitHub\Overdrive_Pedal\Windows\Overdrive_Pedal\Source\PluginProcessor.cpp(90,59): warning C4100: 'index': unreferenced formal parameter
C:\Users\lando\Documents\GitHub\Overdrive_Pedal\Windows\Overdrive_Pedal\Source\PluginProcessor.cpp(94,70): warning C4100: 'index': unreferenced formal parameter
C:\Users\lando\Documents\GitHub\Overdrive_Pedal\Windows\Overdrive_Pedal\Source\PluginProcessor.cpp(99,86): warning C4100: 'newName': unreferenced formal parameter
C:\Users\lando\Documents\GitHub\Overdrive_Pedal\Windows\Overdrive_Pedal\Source\PluginProcessor.cpp(99,59): warning C4100: 'index': unreferenced formal parameter
C:\Users\lando\Documents\GitHub\Overdrive_Pedal\Windows\Overdrive_Pedal\Source\PluginProcessor.cpp(111,22): warning C4244: '=': conversion from 'double' to 'float', possible loss of data
C:\Users\lando\Documents\GitHub\Overdrive_Pedal\Windows\Overdrive_Pedal\Source\PluginProcessor.cpp(153,102): warning C4100: 'midiMessages': unreferenced formal parameter
C:\Users\lando\Documents\GitHub\Overdrive_Pedal\Windows\Overdrive_Pedal\Source\ViatorDial.h(25,24): warning C4244: 'initializing': conversion from 'double' to 'float', possible loss of data (compiling source file ..\..\Source\PluginEditor.cpp)
C:\Users\lando\Documents\GitHub\Overdrive_Pedal\Windows\Overdrive_Pedal\Source\ViatorDial.h(26,22): warning C4244: 'initializing': conversion from 'double' to 'float', possible loss of data (compiling source file ..\..\Source\PluginEditor.cpp)
C:\Users\lando\Documents\GitHub\Overdrive_Pedal\Windows\Overdrive_Pedal\Source\ViatorDial.h(27,23): warning C4244: 'initializing': conversion from 'double' to 'float', possible loss of data (compiling source file ..\..\Source\PluginEditor.cpp)
C:\Users\lando\Documents\GitHub\Overdrive_Pedal\Windows\Overdrive_Pedal\Source\ViatorDial.h(28,23): warning C4244: 'initializing': conversion from 'double' to 'float', possible loss of data (compiling source file ..\..\Source\PluginEditor.cpp)
C:\Users\lando\Documents\GitHub\Overdrive_Pedal\Windows\Overdrive_Pedal\Source\ViatorDial.h(34,1): warning C4305: 'argument': truncation from 'double' to 'float' (compiling source file ..\..\Source\PluginEditor.cpp)
C:\Users\lando\Documents\GitHub\Overdrive_Pedal\Windows\Overdrive_Pedal\Source\ViatorDial.h(35,1): warning C4305: 'argument': truncation from 'double' to 'float' (compiling source file ..\..\Source\PluginEditor.cpp)
C:\Users\lando\Documents\GitHub\Overdrive_Pedal\Windows\Overdrive_Pedal\Source\ViatorDial.h(35,216): warning C4244: 'argument': conversion from 'double' to 'float', possible loss of data (compiling source file ..\..\Source\PluginEditor.cpp)
C:\Users\lando\Documents\GitHub\Overdrive_Pedal\Windows\Overdrive_Pedal\Source\ViatorDial.h(35,135): warning C4244: 'argument': conversion from 'double' to 'float', possible loss of data (compiling source file ..\..\Source\PluginEditor.cpp)
C:\Users\lando\Documents\GitHub\Overdrive_Pedal\Windows\Overdrive_Pedal\Source\ViatorDial.h(40,60): warning C4244: 'argument': conversion from 'double' to 'float', possible loss of data (compiling source file ..\..\Source\PluginEditor.cpp)
C:\Users\lando\Documents\GitHub\Overdrive_Pedal\Windows\Overdrive_Pedal\Source\ViatorDial.h(23,160): warning C4100: 'slider': unreferenced formal parameter (compiling source file ..\..\Source\PluginEditor.cpp)
C:\Users\lando\Documents\GitHub\Overdrive_Pedal\Windows\Overdrive_Pedal\Source\PluginProcessor.cpp(251,27): warning C4244: 'argument': conversion from 'double' to 'const float', possible loss of data
C:\Users\lando\Documents\GitHub\Overdrive_Pedal\Windows\Overdrive_Pedal\Source\PluginProcessor.cpp(252,62): warning C4244: 'argument': conversion from 'double' to 'SampleType', possible loss of data
          with
          [
              SampleType=float
          ]
C:\Users\lando\Documents\GitHub\Overdrive_Pedal\Windows\Overdrive_Pedal\Source\PluginEditor.cpp(27,94): warning C4305: 'argument': truncation from 'double' to 'float'
C:\Users\lando\Documents\GitHub\Overdrive_Pedal\Windows\Overdrive_Pedal\Source\PluginProcessor.cpp(256,30): warning C4244: '=': conversion from 'double' to 'float', possible loss of data
C:\Users\lando\Documents\GitHub\Overdrive_Pedal\Windows\Overdrive_Pedal\Source\PluginProcessor.cpp(263,32): warning C4244: '=': conversion from 'double' to 'float', possible loss of data
C:\Users\lando\Documents\GitHub\Overdrive_Pedal\Windows\Overdrive_Pedal\Source\PluginEditor.cpp(93,93): warning C4305: 'argument': truncation from 'double' to 'float'
C:\Users\lando\Documents\GitHub\Overdrive_Pedal\Windows\Overdrive_Pedal\Source\PluginEditor.cpp(151,81): warning C4244: 'argument': conversion from 'double' to 'float', possible loss of data
C:\Users\lando\Documents\GitHub\Overdrive_Pedal\Windows\Overdrive_Pedal\Source\PluginEditor.cpp(151,58): warning C4244: 'argument': conversion from 'ValueType' to 'float', possible loss of data
          with
          [
              ValueType=int
          ]
C:\Users\lando\Documents\GitHub\Overdrive_Pedal\Windows\Overdrive_Pedal\Source\PluginEditor.cpp(151,155): warning C4244: 'argument': conversion from 'double' to 'float', possible loss of data
C:\Users\lando\Documents\GitHub\Overdrive_Pedal\Windows\Overdrive_Pedal\Source\PluginEditor.cpp(165,85): warning C4244: 'argument': conversion from 'int' to 'float', possible loss of data
C:\Users\lando\Documents\GitHub\Overdrive_Pedal\Windows\Overdrive_Pedal\Source\PluginEditor.cpp(165,61): warning C4244: 'argument': conversion from 'int' to 'float', possible loss of data
C:\Users\lando\Documents\GitHub\Overdrive_Pedal\Windows\Overdrive_Pedal\Source\PluginEditor.cpp(165,156): warning C4244: 'argument': conversion from 'double' to 'float', possible loss of data
C:\Users\lando\Documents\GitHub\Overdrive_Pedal\Windows\Overdrive_Pedal\Source\PluginEditor.cpp(166,85): warning C4244: 'argument': conversion from 'int' to 'float', possible loss of data
C:\Users\lando\Documents\GitHub\Overdrive_Pedal\Windows\Overdrive_Pedal\Source\PluginEditor.cpp(166,61): warning C4244: 'argument': conversion from 'int' to 'float', possible loss of data
C:\Users\lando\Documents\GitHub\Overdrive_Pedal\Windows\Overdrive_Pedal\Source\PluginEditor.cpp(166,155): warning C4244: 'argument': conversion from 'double' to 'float', possible loss of data
C:\Users\lando\Documents\GitHub\Overdrive_Pedal\Windows\Overdrive_Pedal\Source\PluginEditor.cpp(180,83): warning C4244: 'argument': conversion from 'double' to 'float', possible loss of data
C:\Users\lando\Documents\GitHub\Overdrive_Pedal\Windows\Overdrive_Pedal\Source\PluginEditor.cpp(180,60): warning C4244: 'argument': conversion from 'ValueType' to 'float', possible loss of data
          with
          [
              ValueType=int
          ]
C:\Users\lando\Documents\GitHub\Overdrive_Pedal\Windows\Overdrive_Pedal\Source\PluginEditor.cpp(180,156): warning C4244: 'argument': conversion from 'double' to 'float', possible loss of data
C:\Users\lando\Documents\GitHub\Overdrive_Pedal\Windows\Overdrive_Pedal\Source\PluginEditor.cpp(189,75): warning C4100: 'slider': unreferenced formal parameter
  Overdrive_Pedal_SharedCode.vcxproj -> C:\Users\lando\Documents\GitHub\Overdrive_Pedal\Windows\Overdrive_Pedal\Builds\VisualStudio2019\x64\Debug\Shared Code\Overdrive_Pedal.lib
