  PluginProcessor.cpp
  PluginEditor.cpp
  ComponentProps.cpp
  Parameters.cpp
  SignalDSP.cpp
  BinaryData.cpp
  include_juce_audio_basics.cpp
  include_juce_audio_devices.cpp
  include_juce_audio_formats.cpp
  include_juce_audio_plugin_client_utils.cpp
  include_juce_audio_processors.cpp
  include_juce_audio_utils.cpp
C:\Users\lando\Documents\GitHub\GainStager\Windows\GainStager\Source\ViatorDial.h(25,24): warning C4244: 'initializing': conversion from 'double' to 'float', possible loss of data (compiling source file ..\..\Source\PluginProcessor.cpp)
C:\Users\lando\Documents\GitHub\GainStager\Windows\GainStager\Source\ViatorDial.h(26,22): warning C4244: 'initializing': conversion from 'double' to 'float', possible loss of data (compiling source file ..\..\Source\PluginProcessor.cpp)
C:\Users\lando\Documents\GitHub\GainStager\Windows\GainStager\Source\ViatorDial.h(27,23): warning C4244: 'initializing': conversion from 'double' to 'float', possible loss of data (compiling source file ..\..\Source\PluginProcessor.cpp)
C:\Users\lando\Documents\GitHub\GainStager\Windows\GainStager\Source\ViatorDial.h(28,23): warning C4244: 'initializing': conversion from 'double' to 'float', possible loss of data (compiling source file ..\..\Source\PluginProcessor.cpp)
C:\Users\lando\Documents\GitHub\GainStager\Windows\GainStager\Source\ViatorDial.h(41,60): warning C4244: 'argument': conversion from 'double' to 'float', possible loss of data (compiling source file ..\..\Source\PluginProcessor.cpp)
C:\Users\lando\Documents\GitHub\GainStager\Windows\GainStager\Source\ViatorDial.h(23,160): warning C4100: 'slider': unreferenced formal parameter (compiling source file ..\..\Source\PluginProcessor.cpp)
C:\Users\lando\Documents\GitHub\GainStager\Windows\GainStager\Source\PluginProcessor.cpp(96,55): warning C4100: 'index': unreferenced formal parameter
C:\Users\lando\Documents\GitHub\GainStager\Windows\GainStager\Source\PluginProcessor.cpp(100,66): warning C4100: 'index': unreferenced formal parameter
C:\Users\lando\Documents\GitHub\GainStager\Windows\GainStager\Source\PluginProcessor.cpp(105,82): warning C4100: 'newName': unreferenced formal parameter
C:\Users\lando\Documents\GitHub\GainStager\Windows\GainStager\Source\PluginProcessor.cpp(105,55): warning C4100: 'index': unreferenced formal parameter
C:\Users\lando\Documents\GitHub\GainStager\Windows\GainStager\Source\PluginProcessor.cpp(119,25): warning C4244: '=': conversion from 'double' to 'float', possible loss of data
C:\Users\lando\Documents\GitHub\GainStager\Windows\GainStager\Source\PluginProcessor.cpp(122,14): warning C4244: 'argument': conversion from '_Ty' to 'int', possible loss of data
          with
          [
              _Ty=float
          ]
C:\Users\lando\Documents\GitHub\GainStager\Windows\GainStager\Source\PluginProcessor.cpp(129,17): warning C4244: '=': conversion from '_Ty' to 'int', possible loss of data
          with
          [
              _Ty=float
          ]
C:\Users\lando\Documents\GitHub\GainStager\Windows\GainStager\Source\PluginProcessor.cpp(174,98): warning C4100: 'midiMessages': unreferenced formal parameter
  include_juce_core.cpp
C:\Users\lando\Documents\GitHub\GainStager\Windows\GainStager\Source\ViatorDial.h(25,24): warning C4244: 'initializing': conversion from 'double' to 'float', possible loss of data (compiling source file ..\..\Source\PluginEditor.cpp)
C:\Users\lando\Documents\GitHub\GainStager\Windows\GainStager\Source\ViatorDial.h(26,22): warning C4244: 'initializing': conversion from 'double' to 'float', possible loss of data (compiling source file ..\..\Source\PluginEditor.cpp)
C:\Users\lando\Documents\GitHub\GainStager\Windows\GainStager\Source\ViatorDial.h(27,23): warning C4244: 'initializing': conversion from 'double' to 'float', possible loss of data (compiling source file ..\..\Source\PluginEditor.cpp)
C:\Users\lando\Documents\GitHub\GainStager\Windows\GainStager\Source\ViatorDial.h(28,23): warning C4244: 'initializing': conversion from 'double' to 'float', possible loss of data (compiling source file ..\..\Source\PluginEditor.cpp)
C:\Users\lando\Documents\GitHub\GainStager\Windows\GainStager\Source\ViatorDial.h(41,60): warning C4244: 'argument': conversion from 'double' to 'float', possible loss of data (compiling source file ..\..\Source\PluginEditor.cpp)
C:\Users\lando\Documents\GitHub\GainStager\Windows\GainStager\Source\ViatorDial.h(23,160): warning C4100: 'slider': unreferenced formal parameter (compiling source file ..\..\Source\PluginEditor.cpp)
C:\Users\lando\Documents\GitHub\GainStager\Windows\GainStager\Source\PluginEditor.cpp(60,114): warning C4305: 'argument': truncation from 'double' to 'float'
C:\Users\lando\Documents\GitHub\GainStager\Windows\GainStager\Source\PluginEditor.cpp(73,120): warning C4305: 'argument': truncation from 'double' to 'float'
C:\Users\lando\Documents\GitHub\GainStager\Windows\GainStager\Source\PluginEditor.cpp(114,103): warning C4244: 'argument': conversion from 'int' to 'ValueType', possible loss of data
          with
          [
              ValueType=float
          ]
C:\Users\lando\Documents\GitHub\GainStager\Windows\GainStager\Source\PluginEditor.cpp(114,68): warning C4244: 'argument': conversion from 'int' to 'ValueType', possible loss of data
          with
          [
              ValueType=float
          ]
C:\Users\lando\Documents\GitHub\GainStager\Windows\GainStager\Source\PluginEditor.cpp(120,58): warning C4244: 'argument': conversion from 'int' to 'ValueType', possible loss of data
          with
          [
              ValueType=float
          ]
C:\Users\lando\Documents\GitHub\GainStager\Windows\GainStager\Source\PluginEditor.cpp(126,199): warning C4244: 'argument': conversion from 'float' to 'int', possible loss of data
C:\Users\lando\Documents\GitHub\GainStager\Windows\GainStager\Source\PluginEditor.cpp(126,157): warning C4244: 'argument': conversion from 'double' to 'int', possible loss of data
C:\Users\lando\Documents\GitHub\GainStager\Windows\GainStager\Source\PluginEditor.cpp(126,106): warning C4244: 'argument': conversion from 'double' to 'int', possible loss of data
C:\Users\lando\Documents\GitHub\GainStager\Windows\GainStager\Source\PluginEditor.cpp(126,63): warning C4244: 'argument': conversion from 'float' to 'int', possible loss of data
C:\Users\lando\Documents\GitHub\GainStager\Windows\GainStager\Source\PluginEditor.cpp(129,193): warning C4244: 'argument': conversion from 'float' to 'int', possible loss of data
C:\Users\lando\Documents\GitHub\GainStager\Windows\GainStager\Source\PluginEditor.cpp(129,151): warning C4244: 'argument': conversion from 'double' to 'int', possible loss of data
C:\Users\lando\Documents\GitHub\GainStager\Windows\GainStager\Source\PluginEditor.cpp(129,100): warning C4244: 'argument': conversion from 'double' to 'int', possible loss of data
C:\Users\lando\Documents\GitHub\GainStager\Windows\GainStager\Source\PluginEditor.cpp(129,57): warning C4244: 'argument': conversion from 'float' to 'int', possible loss of data
C:\Users\lando\Documents\GitHub\GainStager\Windows\GainStager\Source\PluginEditor.cpp(137,82): warning C4244: 'argument': conversion from 'double' to 'int', possible loss of data
C:\Users\lando\Documents\GitHub\GainStager\Windows\GainStager\Source\PluginEditor.cpp(137,66): warning C4244: 'argument': conversion from 'double' to 'int', possible loss of data
C:\Users\lando\Documents\GitHub\GainStager\Windows\GainStager\Source\PluginEditor.cpp(137,51): warning C4244: 'argument': conversion from 'double' to 'int', possible loss of data
C:\Users\lando\Documents\GitHub\GainStager\Windows\GainStager\Source\PluginEditor.cpp(137,35): warning C4244: 'argument': conversion from 'double' to 'int', possible loss of data
C:\Users\lando\Documents\GitHub\GainStager\Windows\GainStager\Source\PluginEditor.cpp(138,80): warning C4244: 'argument': conversion from 'double' to 'int', possible loss of data
C:\Users\lando\Documents\GitHub\GainStager\Windows\GainStager\Source\PluginEditor.cpp(138,65): warning C4244: 'argument': conversion from 'double' to 'int', possible loss of data
C:\Users\lando\Documents\GitHub\GainStager\Windows\GainStager\Source\PluginEditor.cpp(138,50): warning C4244: 'argument': conversion from 'double' to 'int', possible loss of data
C:\Users\lando\Documents\GitHub\GainStager\Windows\GainStager\Source\PluginEditor.cpp(138,34): warning C4244: 'argument': conversion from 'double' to 'int', possible loss of data
C:\Users\lando\Documents\GitHub\GainStager\Windows\GainStager\Source\PluginEditor.cpp(139,80): warning C4244: 'argument': conversion from 'double' to 'int', possible loss of data
C:\Users\lando\Documents\GitHub\GainStager\Windows\GainStager\Source\PluginEditor.cpp(139,65): warning C4244: 'argument': conversion from 'double' to 'int', possible loss of data
C:\Users\lando\Documents\GitHub\GainStager\Windows\GainStager\Source\PluginEditor.cpp(139,50): warning C4244: 'argument': conversion from 'double' to 'int', possible loss of data
C:\Users\lando\Documents\GitHub\GainStager\Windows\GainStager\Source\PluginEditor.cpp(139,34): warning C4244: 'argument': conversion from 'double' to 'int', possible loss of data
C:\Users\lando\Documents\GitHub\GainStager\Windows\GainStager\Source\PluginEditor.cpp(141,79): warning C4244: 'argument': conversion from 'double' to 'int', possible loss of data
C:\Users\lando\Documents\GitHub\GainStager\Windows\GainStager\Source\PluginEditor.cpp(141,64): warning C4244: 'argument': conversion from 'double' to 'int', possible loss of data
C:\Users\lando\Documents\GitHub\GainStager\Windows\GainStager\Source\PluginEditor.cpp(141,49): warning C4244: 'argument': conversion from 'double' to 'int', possible loss of data
C:\Users\lando\Documents\GitHub\GainStager\Windows\GainStager\Source\PluginEditor.cpp(141,33): warning C4244: 'argument': conversion from 'double' to 'int', possible loss of data
C:\Users\lando\Documents\GitHub\GainStager\Windows\GainStager\Source\PluginEditor.cpp(142,84): warning C4244: 'argument': conversion from 'double' to 'int', possible loss of data
C:\Users\lando\Documents\GitHub\GainStager\Windows\GainStager\Source\PluginEditor.cpp(142,69): warning C4244: 'argument': conversion from 'double' to 'int', possible loss of data
C:\Users\lando\Documents\GitHub\GainStager\Windows\GainStager\Source\PluginEditor.cpp(142,54): warning C4244: 'argument': conversion from 'double' to 'int', possible loss of data
C:\Users\lando\Documents\GitHub\GainStager\Windows\GainStager\Source\PluginEditor.cpp(142,39): warning C4244: 'argument': conversion from 'double' to 'int', possible loss of data
C:\Users\lando\Documents\GitHub\GainStager\Windows\GainStager\Source\PluginEditor.cpp(150,17): warning C4244: 'argument': conversion from 'double' to 'int', possible loss of data
C:\Users\lando\Documents\GitHub\GainStager\Windows\GainStager\Source\PluginEditor.cpp(149,16): warning C4244: 'argument': conversion from 'double' to 'int', possible loss of data
C:\Users\lando\Documents\GitHub\GainStager\Windows\GainStager\Source\PluginEditor.cpp(148,17): warning C4244: 'argument': conversion from 'double' to 'int', possible loss of data
C:\Users\lando\Documents\GitHub\GainStager\Windows\GainStager\Source\PluginEditor.cpp(147,16): warning C4244: 'argument': conversion from 'double' to 'int', possible loss of data
C:\Users\lando\Documents\GitHub\GainStager\Windows\GainStager\Source\PluginEditor.cpp(154,71): warning C4100: 'slider': unreferenced formal parameter
C:\Users\lando\Documents\GitHub\GainStager\Windows\GainStager\Source\Parameters.cpp(46,18): warning C4244: 'argument': conversion from 'float' to 'int', possible loss of data
C:\Users\lando\Documents\GitHub\GainStager\Windows\GainStager\Source\Parameters.cpp(71,21): warning C4244: '=': conversion from 'float' to 'int', possible loss of data
C:\Users\lando\Documents\GitHub\GainStager\Windows\GainStager\Source\ViatorDial.h(25,24): warning C4244: 'initializing': conversion from 'double' to 'float', possible loss of data (compiling source file ..\..\Source\ComponentProps.cpp)
C:\Users\lando\Documents\GitHub\GainStager\Windows\GainStager\Source\ViatorDial.h(26,22): warning C4244: 'initializing': conversion from 'double' to 'float', possible loss of data (compiling source file ..\..\Source\ComponentProps.cpp)
C:\Users\lando\Documents\GitHub\GainStager\Windows\GainStager\Source\ViatorDial.h(27,23): warning C4244: 'initializing': conversion from 'double' to 'float', possible loss of data (compiling source file ..\..\Source\ComponentProps.cpp)
C:\Users\lando\Documents\GitHub\GainStager\Windows\GainStager\Source\ViatorDial.h(28,23): warning C4244: 'initializing': conversion from 'double' to 'float', possible loss of data (compiling source file ..\..\Source\ComponentProps.cpp)
C:\Users\lando\Documents\GitHub\GainStager\Windows\GainStager\Source\ViatorDial.h(41,60): warning C4244: 'argument': conversion from 'double' to 'float', possible loss of data (compiling source file ..\..\Source\ComponentProps.cpp)
C:\Users\lando\Documents\GitHub\GainStager\Windows\GainStager\Source\ViatorDial.h(23,160): warning C4100: 'slider': unreferenced formal parameter (compiling source file ..\..\Source\ComponentProps.cpp)
C:\Users\lando\Documents\GitHub\GainStager\Windows\GainStager\Source\ComponentProps.cpp(24,89): warning C4305: 'argument': truncation from 'double' to 'float'
C:\Users\lando\Documents\GitHub\GainStager\Windows\GainStager\Source\ComponentProps.cpp(52,66): warning C4305: 'argument': truncation from 'double' to 'float'
C:\Users\lando\Documents\GitHub\GainStager\Windows\GainStager\Source\ComponentProps.cpp(53,66): warning C4305: 'argument': truncation from 'double' to 'float'
  include_juce_data_structures.cpp
  include_juce_dsp.cpp
  include_juce_events.cpp
  include_juce_graphics.cpp
  include_juce_gui_basics.cpp
  include_juce_gui_extra.cpp
  GainStager_SharedCode.vcxproj -> C:\Users\lando\Documents\GitHub\GainStager\Windows\GainStager\Builds\VisualStudio2019\x64\Debug\Shared Code\GainStager.lib
