  InitDSPVariables.cpp
  LV_Rectifier.cpp
  PrepareDSP.cpp
  LV_DialComponent.cpp
  LV_FaderComponent.cpp
  LV_GroupComponent.cpp
  LV_LabelComponent.cpp
  LV_MenuComponent.cpp
  LV_PowerToggle.cpp
  LV_PushButtonComponent.cpp
  LV_Window.cpp
  UI-Constructor.cpp
C:\Users\lando\Documents\GitHub\phone-model\phone-model\Source\UI-Components\LV_GroupComponent.cpp(25,48): warning C4100: 'g': unreferenced formal parameter
C:\Users\lando\Documents\GitHub\phone-model\phone-model\Source\UI-Components\LV_Window.cpp(74,71): warning C4244: 'argument': conversion from 'double' to 'int', possible loss of data
C:\Users\lando\Documents\GitHub\phone-model\phone-model\Source\UI-Components\LV_Window.cpp(74,57): warning C4244: 'argument': conversion from 'double' to 'int', possible loss of data
C:\Users\lando\Documents\GitHub\phone-model\phone-model\Source\UI-Components\LV_Window.cpp(74,41): warning C4244: 'argument': conversion from 'double' to 'int', possible loss of data
C:\Users\lando\Documents\GitHub\phone-model\phone-model\Source\UI-Components\LV_Window.cpp(79,60): warning C4244: 'argument': conversion from 'double' to 'int', possible loss of data
C:\Users\lando\Documents\GitHub\phone-model\phone-model\Source\UI-Components\LV_Window.cpp(79,46): warning C4244: 'argument': conversion from 'double' to 'int', possible loss of data
C:\Users\lando\Documents\GitHub\phone-model\phone-model\Source\UI-Components\LV_Window.cpp(79,30): warning C4244: 'argument': conversion from 'double' to 'int', possible loss of data
C:\Users\lando\Documents\GitHub\phone-model\phone-model\Source\UI-Components\LV_Window.cpp(86,46): warning C4244: 'argument': conversion from 'double' to 'float', possible loss of data
C:\Users\lando\Documents\GitHub\phone-model\phone-model\Source\UI-Components\LV_Window.cpp(87,66): warning C4244: 'argument': conversion from 'float' to 'int', possible loss of data
C:\Users\lando\Documents\GitHub\phone-model\phone-model\Source\UI-Components\LV_Window.cpp(87,59): warning C4244: 'argument': conversion from 'float' to 'int', possible loss of data
C:\Users\lando\Documents\GitHub\phone-model\phone-model\Source\UI-Components\LV_Window.cpp(87,47): warning C4244: 'argument': conversion from 'double' to 'int', possible loss of data
C:\Users\lando\Documents\GitHub\phone-model\phone-model\Source\DSP\LV_Rectifier.h(41,25): warning C4305: 'initializing': truncation from 'double' to 'float' (compiling source file ..\..\Source\DSP\LV_Rectifier.cpp)
C:\Users\lando\Documents\GitHub\phone-model\phone-model\Source\DSP\LV_Rectifier.cpp(23,29): warning C4244: '=': conversion from 'double' to 'float', possible loss of data
C:\Users\lando\Documents\GitHub\phone-model\phone-model\Source\DSP\LV_Rectifier.h(41,25): warning C4305: 'initializing': truncation from 'double' to 'float' (compiling source file ..\..\Source\DSP\InitDSPVariables.cpp)
C:\Users\lando\Documents\GitHub\phone-model\phone-model\Source\DSP\LV_Rectifier.h(41,25): warning C4305: 'initializing': truncation from 'double' to 'float' (compiling source file ..\..\Source\DSP\PrepareDSP.cpp)
C:\Users\lando\Documents\GitHub\phone-model\phone-model\Source\Widgets\LV_PushButton.h(28,1): warning C4305: 'argument': truncation from 'double' to 'float' (compiling source file ..\..\Source\UI-Components\LV_PushButtonComponent.cpp)
C:\Users\lando\Documents\GitHub\phone-model\phone-model\Source\Widgets\LV_PushButton.h(29,1): warning C4305: 'argument': truncation from 'double' to 'float' (compiling source file ..\..\Source\UI-Components\LV_PushButtonComponent.cpp)
C:\Users\lando\Documents\GitHub\phone-model\phone-model\Source\UI-Components\LV_PushButtonComponent.cpp(25,53): warning C4100: 'g': unreferenced formal parameter
C:\Users\lando\Documents\GitHub\phone-model\phone-model\Source\DSP\LV_Rectifier.h(41,25): warning C4305: 'initializing': truncation from 'double' to 'float' (compiling source file ..\..\Source\UI-Methods\UI-Constructor.cpp)
C:\Users\lando\Documents\GitHub\phone-model\phone-model\Source\UI-Components\LV_FaderComponent.cpp(25,48): warning C4100: 'g': unreferenced formal parameter
C:\Users\lando\Documents\GitHub\phone-model\phone-model\Source\UI-Components\LV_PowerToggle.cpp(26,45): warning C4100: 'g': unreferenced formal parameter
C:\Users\lando\Documents\GitHub\phone-model\phone-model\Source\UI-Methods\UI-Constructor.cpp(26,120): warning C4305: 'argument': truncation from 'double' to 'float'
C:\Users\lando\Documents\GitHub\phone-model\phone-model\Source\UI-Methods\UI-Constructor.cpp(35,117): warning C4305: 'argument': truncation from 'double' to 'float'
C:\Users\lando\Documents\GitHub\phone-model\phone-model\Source\UI-Methods\UI-Constructor.cpp(43,116): warning C4305: 'argument': truncation from 'double' to 'float'
C:\Users\lando\Documents\GitHub\phone-model\phone-model\Source\UI-Methods\UI-Constructor.cpp(51,115): warning C4305: 'argument': truncation from 'double' to 'float'
C:\Users\lando\Documents\GitHub\phone-model\phone-model\Source\UI-Methods\UI-Constructor.cpp(59,123): warning C4305: 'argument': truncation from 'double' to 'float'
C:\Users\lando\Documents\GitHub\phone-model\phone-model\Source\UI-Methods\UI-Constructor.cpp(67,124): warning C4305: 'argument': truncation from 'double' to 'float'
C:\Users\lando\Documents\GitHub\phone-model\phone-model\Source\UI-Components\LV_DialComponent.cpp(34,47): warning C4100: 'g': unreferenced formal parameter
C:\Users\lando\Documents\GitHub\phone-model\phone-model\Source\UI-Components\LV_DialComponent.cpp(78,123): warning C4305: 'argument': truncation from 'double' to 'float'
C:\Users\lando\Documents\GitHub\phone-model\phone-model\Source\UI-Components\LV_DialComponent.cpp(79,126): warning C4305: 'argument': truncation from 'double' to 'float'
C:\Users\lando\Documents\GitHub\phone-model\phone-model\Source\UI-Components\LV_DialComponent.cpp(81,118): warning C4305: 'argument': truncation from 'double' to 'float'
C:\Users\lando\Documents\GitHub\phone-model\phone-model\Source\UI-Components\LV_MenuComponent.cpp(26,47): warning C4100: 'g': unreferenced formal parameter
  UI-InitWindow.cpp
  UI-Paint.cpp
  UI-Resized.cpp
  UI-SaveWindow.cpp
  StyleSheet.cpp
  PluginProcessor.cpp
  PluginEditor.cpp
  BinaryData.cpp
  BinaryData2.cpp
  BinaryData3.cpp
  BinaryData4.cpp
  BinaryData5.cpp
C:\Users\lando\Documents\GitHub\phone-model\phone-model\Source\DSP\LV_Rectifier.h(41,25): warning C4305: 'initializing': truncation from 'double' to 'float' (compiling source file ..\..\Source\UI-Methods\UI-Resized.cpp)
C:\Users\lando\Documents\GitHub\phone-model\phone-model\Source\UI-Methods\UI-Resized.cpp(23,61): warning C4244: 'argument': conversion from 'double' to 'int', possible loss of data
C:\Users\lando\Documents\GitHub\phone-model\phone-model\Source\UI-Methods\UI-Resized.cpp(23,51): warning C4244: 'argument': conversion from 'double' to 'int', possible loss of data
C:\Users\lando\Documents\GitHub\phone-model\phone-model\Source\UI-Methods\UI-Resized.cpp(23,40): warning C4244: 'argument': conversion from 'double' to 'int', possible loss of data
C:\Users\lando\Documents\GitHub\phone-model\phone-model\Source\UI-Methods\UI-Resized.cpp(23,28): warning C4244: 'argument': conversion from 'double' to 'int', possible loss of data
C:\Users\lando\Documents\GitHub\phone-model\phone-model\Source\UI-Methods\UI-Resized.cpp(24,94): warning C4244: 'argument': conversion from 'double' to 'int', possible loss of data
C:\Users\lando\Documents\GitHub\phone-model\phone-model\Source\UI-Methods\UI-Resized.cpp(24,84): warning C4244: 'argument': conversion from 'double' to 'int', possible loss of data
C:\Users\lando\Documents\GitHub\phone-model\phone-model\Source\UI-Methods\UI-Resized.cpp(24,73): warning C4244: 'argument': conversion from 'double' to 'int', possible loss of data
C:\Users\lando\Documents\GitHub\phone-model\phone-model\Source\UI-Methods\UI-Resized.cpp(25,88): warning C4244: 'argument': conversion from 'double' to 'int', possible loss of data
C:\Users\lando\Documents\GitHub\phone-model\phone-model\Source\UI-Methods\UI-Resized.cpp(25,78): warning C4244: 'argument': conversion from 'double' to 'int', possible loss of data
C:\Users\lando\Documents\GitHub\phone-model\phone-model\Source\UI-Methods\UI-Resized.cpp(25,67): warning C4244: 'argument': conversion from 'double' to 'int', possible loss of data
C:\Users\lando\Documents\GitHub\phone-model\phone-model\Source\UI-Methods\UI-Resized.cpp(26,85): warning C4244: 'argument': conversion from 'double' to 'int', possible loss of data
C:\Users\lando\Documents\GitHub\phone-model\phone-model\Source\UI-Methods\UI-Resized.cpp(26,75): warning C4244: 'argument': conversion from 'double' to 'int', possible loss of data
C:\Users\lando\Documents\GitHub\phone-model\phone-model\Source\UI-Methods\UI-Resized.cpp(26,64): warning C4244: 'argument': conversion from 'double' to 'int', possible loss of data
C:\Users\lando\Documents\GitHub\phone-model\phone-model\Source\UI-Methods\UI-Resized.cpp(27,90): warning C4244: 'argument': conversion from 'double' to 'int', possible loss of data
C:\Users\lando\Documents\GitHub\phone-model\phone-model\Source\UI-Methods\UI-Resized.cpp(27,80): warning C4244: 'argument': conversion from 'double' to 'int', possible loss of data
C:\Users\lando\Documents\GitHub\phone-model\phone-model\Source\UI-Methods\UI-Resized.cpp(27,69): warning C4244: 'argument': conversion from 'double' to 'int', possible loss of data
C:\Users\lando\Documents\GitHub\phone-model\phone-model\Source\UI-Methods\UI-Resized.cpp(28,97): warning C4244: 'argument': conversion from 'double' to 'int', possible loss of data
C:\Users\lando\Documents\GitHub\phone-model\phone-model\Source\UI-Methods\UI-Resized.cpp(28,87): warning C4244: 'argument': conversion from 'double' to 'int', possible loss of data
C:\Users\lando\Documents\GitHub\phone-model\phone-model\Source\UI-Methods\UI-Resized.cpp(28,76): warning C4244: 'argument': conversion from 'double' to 'int', possible loss of data
C:\Users\lando\Documents\GitHub\phone-model\phone-model\Source\DSP\LV_Rectifier.h(41,25): warning C4305: 'initializing': truncation from 'double' to 'float' (compiling source file ..\..\Source\PluginProcessor.cpp)
C:\Users\lando\Documents\GitHub\phone-model\phone-model\Source\PluginProcessor.cpp(166,55): warning C4100: 'index': unreferenced formal parameter
C:\Users\lando\Documents\GitHub\phone-model\phone-model\Source\PluginProcessor.cpp(170,66): warning C4100: 'index': unreferenced formal parameter
C:\Users\lando\Documents\GitHub\phone-model\phone-model\Source\PluginProcessor.cpp(175,82): warning C4100: 'newName': unreferenced formal parameter
C:\Users\lando\Documents\GitHub\phone-model\phone-model\Source\PluginProcessor.cpp(175,55): warning C4100: 'index': unreferenced formal parameter
C:\Users\lando\Documents\GitHub\phone-model\phone-model\Source\PluginProcessor.cpp(189,26): warning C4244: '=': conversion from 'double' to 'float', possible loss of data
C:\Users\lando\Documents\GitHub\phone-model\phone-model\Source\PluginProcessor.cpp(243,98): warning C4100: 'midiMessages': unreferenced formal parameter
C:\Users\lando\Documents\GitHub\phone-model\phone-model\Source\PluginProcessor.cpp(316,53): warning C4458: declaration of 'centerFreq' hides class member
C:\Users\lando\Documents\GitHub\phone-model\phone-model\Source\PluginProcessor.h(135,11): message : see declaration of 'PhonemodelAudioProcessor::centerFreq' (compiling source file ..\..\Source\PluginProcessor.cpp)
C:\Users\lando\Documents\GitHub\phone-model\phone-model\Source\PluginProcessor.cpp(321,54): warning C4458: declaration of 'centerFreq' hides class member
C:\Users\lando\Documents\GitHub\phone-model\phone-model\Source\PluginProcessor.h(135,11): message : see declaration of 'PhonemodelAudioProcessor::centerFreq' (compiling source file ..\..\Source\PluginProcessor.cpp)
C:\Users\lando\Documents\GitHub\phone-model\phone-model\Source\DSP\LV_Rectifier.h(41,25): warning C4305: 'initializing': truncation from 'double' to 'float' (compiling source file ..\..\Source\UI-Methods\UI-InitWindow.cpp)
C:\Users\lando\Documents\GitHub\phone-model\phone-model\Source\DSP\LV_Rectifier.h(41,25): warning C4305: 'initializing': truncation from 'double' to 'float' (compiling source file ..\..\Source\UI-Methods\UI-SaveWindow.cpp)
C:\Users\lando\Documents\GitHub\phone-model\phone-model\Source\DSP\LV_Rectifier.h(41,25): warning C4305: 'initializing': truncation from 'double' to 'float' (compiling source file ..\..\Source\UI-Methods\UI-Paint.cpp)
C:\Users\lando\Documents\GitHub\phone-model\phone-model\Source\UI-Methods\UI-SaveWindow.cpp(22,46): warning C4244: '=': conversion from 'int' to 'float', possible loss of data
C:\Users\lando\Documents\GitHub\phone-model\phone-model\Source\UI-Methods\UI-SaveWindow.cpp(23,48): warning C4244: '=': conversion from 'int' to 'float', possible loss of data
C:\Users\lando\Documents\GitHub\phone-model\phone-model\Source\UI-Methods\UI-InitWindow.cpp(27,93): warning C4244: 'argument': conversion from 'double' to 'int', possible loss of data
C:\Users\lando\Documents\GitHub\phone-model\phone-model\Source\UI-Methods\UI-InitWindow.cpp(27,78): warning C4244: 'argument': conversion from 'double' to 'int', possible loss of data
C:\Users\lando\Documents\GitHub\phone-model\phone-model\Source\UI-Methods\UI-InitWindow.cpp(27,64): warning C4244: 'argument': conversion from 'double' to 'int', possible loss of data
C:\Users\lando\Documents\GitHub\phone-model\phone-model\Source\UI-Methods\UI-InitWindow.cpp(27,49): warning C4244: 'argument': conversion from 'double' to 'int', possible loss of data
C:\Users\lando\Documents\GitHub\phone-model\phone-model\Source\UI-Methods\UI-InitWindow.cpp(32,59): warning C4244: 'argument': conversion from 'float' to 'int', possible loss of data
C:\Users\lando\Documents\GitHub\phone-model\phone-model\Source\UI-Methods\UI-InitWindow.cpp(32,31): warning C4244: 'argument': conversion from 'float' to 'int', possible loss of data
C:\Users\lando\Documents\GitHub\phone-model\phone-model\Source\UI-Methods\UI-InitWindow.cpp(37,25): warning C4244: 'argument': conversion from 'double' to 'int', possible loss of data
C:\Users\lando\Documents\GitHub\phone-model\phone-model\Source\UI-Methods\UI-InitWindow.cpp(37,18): warning C4244: 'argument': conversion from 'double' to 'int', possible loss of data
C:\Users\lando\Documents\GitHub\phone-model\phone-model\Source\DSP\LV_Rectifier.h(41,25): warning C4305: 'initializing': truncation from 'double' to 'float' (compiling source file ..\..\Source\PluginEditor.cpp)
C:\Users\lando\Documents\GitHub\phone-model\phone-model\Source\Widgets\StyleSheet.cpp(66,54): warning C4244: 'argument': conversion from 'double' to 'ValueType', possible loss of data
          with
          [
              ValueType=float
          ]
C:\Users\lando\Documents\GitHub\phone-model\phone-model\Source\Widgets\StyleSheet.cpp(65,54): warning C4244: 'argument': conversion from 'double' to 'ValueType', possible loss of data
          with
          [
              ValueType=float
          ]
C:\Users\lando\Documents\GitHub\phone-model\phone-model\Source\Widgets\StyleSheet.cpp(69,144): warning C4244: 'argument': conversion from 'double' to 'float', possible loss of data
C:\Users\lando\Documents\GitHub\phone-model\phone-model\Source\Widgets\StyleSheet.cpp(76,36): warning C4305: '=': truncation from 'double' to 'float'
C:\Users\lando\Documents\GitHub\phone-model\phone-model\Source\PluginEditor.cpp(30,61): warning C4100: 'g': unreferenced formal parameter
C:\Users\lando\Documents\GitHub\phone-model\phone-model\Source\Widgets\StyleSheet.cpp(97,20): warning C4244: 'initializing': conversion from 'double' to 'float', possible loss of data
C:\Users\lando\Documents\GitHub\phone-model\phone-model\Source\PluginEditor.cpp(41,22): warning C4244: 'argument': conversion from 'int' to 'float', possible loss of data
C:\Users\lando\Documents\GitHub\phone-model\phone-model\Source\Widgets\StyleSheet.cpp(98,18): warning C4244: 'initializing': conversion from 'double' to 'float', possible loss of data
C:\Users\lando\Documents\GitHub\phone-model\phone-model\Source\PluginEditor.cpp(41,15): warning C4244: 'argument': conversion from 'int' to 'float', possible loss of data
C:\Users\lando\Documents\GitHub\phone-model\phone-model\Source\Widgets\StyleSheet.cpp(99,19): warning C4244: 'initializing': conversion from 'double' to 'float', possible loss of data
C:\Users\lando\Documents\GitHub\phone-model\phone-model\Source\Widgets\StyleSheet.cpp(100,19): warning C4244: 'initializing': conversion from 'double' to 'float', possible loss of data
C:\Users\lando\Documents\GitHub\phone-model\phone-model\Source\Widgets\StyleSheet.cpp(113,56): warning C4244: 'argument': conversion from 'double' to 'float', possible loss of data
C:\Users\lando\Documents\GitHub\phone-model\phone-model\Source\Widgets\StyleSheet.cpp(157,24): warning C4244: 'initializing': conversion from 'double' to 'float', possible loss of data
C:\Users\lando\Documents\GitHub\phone-model\phone-model\Source\Widgets\StyleSheet.cpp(158,22): warning C4244: 'initializing': conversion from 'double' to 'float', possible loss of data
C:\Users\lando\Documents\GitHub\phone-model\phone-model\Source\Widgets\StyleSheet.cpp(159,23): warning C4244: 'initializing': conversion from 'double' to 'float', possible loss of data
C:\Users\lando\Documents\GitHub\phone-model\phone-model\Source\Widgets\StyleSheet.cpp(160,23): warning C4244: 'initializing': conversion from 'double' to 'float', possible loss of data
C:\Users\lando\Documents\GitHub\phone-model\phone-model\Source\Widgets\StyleSheet.cpp(166,73): warning C4305: 'argument': truncation from 'double' to 'float'
C:\Users\lando\Documents\GitHub\phone-model\phone-model\Source\Widgets\StyleSheet.cpp(169,73): warning C4305: 'argument': truncation from 'double' to 'float'
C:\Users\lando\Documents\GitHub\phone-model\phone-model\Source\Widgets\StyleSheet.cpp(172,73): warning C4305: 'argument': truncation from 'double' to 'float'
C:\Users\lando\Documents\GitHub\phone-model\phone-model\Source\Widgets\StyleSheet.cpp(173,60): warning C4244: 'argument': conversion from 'double' to 'float', possible loss of data
C:\Users\lando\Documents\GitHub\phone-model\phone-model\Source\Widgets\StyleSheet.cpp(155,51): warning C4100: 'slider': unreferenced formal parameter
C:\Users\lando\Documents\GitHub\phone-model\phone-model\Source\Widgets\StyleSheet.cpp(357,42): warning C4244: 'argument': conversion from 'double' to 'float', possible loss of data
C:\Users\lando\Documents\GitHub\phone-model\phone-model\Source\Widgets\StyleSheet.cpp(356,42): warning C4244: 'argument': conversion from 'double' to 'float', possible loss of data
C:\Users\lando\Documents\GitHub\phone-model\phone-model\Source\Widgets\StyleSheet.cpp(341,57): warning C4100: 'shouldDrawButtonAsDown': unreferenced formal parameter
C:\Users\lando\Documents\GitHub\phone-model\phone-model\Source\Widgets\StyleSheet.cpp(340,57): warning C4100: 'shouldDrawButtonAsHighlighted': unreferenced formal parameter
C:\Program Files (x86)\Microsoft Visual Studio\2019\Community\VC\Tools\MSVC\14.27.29110\include\memory(2698,56): warning C4244: 'argument': conversion from '_Ty' to 'float', possible loss of data
          with
          [
              _Ty=double
          ] (compiling source file ..\..\Source\PluginProcessor.cpp)
C:\Users\lando\Documents\GitHub\phone-model\phone-model\Source\PluginProcessor.cpp(57): message : see reference to function template instantiation 'std::unique_ptr<juce::AudioParameterFloat,std::default_delete<juce::AudioParameterFloat>> std::make_unique<juce::AudioParameterFloat,const char(&)[14],const char(&)[14],double,double,double,0>(const char (&)[14],const char (&)[14],double &&,double &&,double &&)' being compiled
  BinaryData6.cpp
  BinaryData7.cpp
  include_juce_audio_basics.cpp
  include_juce_audio_devices.cpp
  include_juce_audio_formats.cpp
  include_juce_audio_plugin_client_utils.cpp
  include_juce_audio_processors.cpp
  include_juce_audio_utils.cpp
  include_juce_core.cpp
  include_juce_data_structures.cpp
  include_juce_dsp.cpp
  include_juce_events.cpp
  include_juce_graphics.cpp
  include_juce_gui_extra.cpp
  include_juce_gui_basics.cpp
  phone-model_SharedCode.vcxproj -> C:\Users\lando\Documents\GitHub\phone-model\phone-model\Builds\VisualStudio2019\x64\Release\Shared Code\phone-model.lib
