c:\users\lando\documents\github\pultec\windows\electron eq\builds\visualstudio2019\x64\release\shared code\stereomenu.obj
c:\users\lando\documents\github\pultec\windows\electron eq\builds\visualstudio2019\x64\release\shared code\include_juce_audio_processors.obj
c:\users\lando\documents\github\pultec\windows\electron eq\builds\visualstudio2019\x64\release\shared code\binarydata.obj
c:\users\lando\documents\github\pultec\windows\electron eq\builds\visualstudio2019\x64\release\shared code\labels.obj
c:\users\lando\documents\github\pultec\windows\electron eq\builds\visualstudio2019\x64\release\shared code\include_juce_audio_formats.obj
c:\users\lando\documents\github\pultec\windows\electron eq\builds\visualstudio2019\x64\release\shared code\shadow.obj
c:\users\lando\documents\github\pultec\windows\electron eq\builds\visualstudio2019\x64\release\shared code\include_juce_graphics.obj
c:\users\lando\documents\github\pultec\windows\electron eq\builds\visualstudio2019\x64\release\shared code\stylesheet.obj
c:\users\lando\documents\github\pultec\windows\electron eq\builds\visualstudio2019\x64\release\shared code\include_juce_dsp.obj
c:\users\lando\documents\github\pultec\windows\electron eq\builds\visualstudio2019\x64\release\shared code\lv_tubemodel.obj
c:\users\lando\documents\github\pultec\windows\electron eq\builds\visualstudio2019\x64\release\shared code\include_juce_audio_plugin_client_utils.obj
c:\users\lando\documents\github\pultec\windows\electron eq\builds\visualstudio2019\x64\release\shared code\plugineditor.obj
c:\users\lando\documents\github\pultec\windows\electron eq\builds\visualstudio2019\x64\release\shared code\include_juce_data_structures.obj
c:\users\lando\documents\github\pultec\windows\electron eq\builds\visualstudio2019\x64\release\shared code\include_juce_gui_basics.obj
c:\users\lando\documents\github\pultec\windows\electron eq\builds\visualstudio2019\x64\release\shared code\dials.obj
c:\users\lando\documents\github\pultec\windows\electron eq\builds\visualstudio2019\x64\release\shared code\include_juce_audio_utils.obj
c:\users\lando\documents\github\pultec\windows\electron eq\builds\visualstudio2019\x64\release\shared code\pluginprocessor.obj
c:\users\lando\documents\github\pultec\windows\electron eq\builds\visualstudio2019\x64\release\shared code\include_juce_events.obj
c:\users\lando\documents\github\pultec\windows\electron eq\builds\visualstudio2019\x64\release\shared code\lv_svfilter.obj
c:\users\lando\documents\github\pultec\windows\electron eq\builds\visualstudio2019\x64\release\shared code\include_juce_audio_basics.obj
c:\users\lando\documents\github\pultec\windows\electron eq\builds\visualstudio2019\x64\release\shared code\include_juce_gui_extra.obj
c:\users\lando\documents\github\pultec\windows\electron eq\builds\visualstudio2019\x64\release\shared code\binarydata2.obj
c:\users\lando\documents\github\pultec\windows\electron eq\builds\visualstudio2019\x64\release\shared code\include_juce_core.obj
c:\users\lando\documents\github\pultec\windows\electron eq\builds\visualstudio2019\x64\release\shared code\buttons.obj
c:\users\lando\documents\github\pultec\windows\electron eq\builds\visualstudio2019\x64\release\shared code\include_juce_audio_devices.obj
c:\users\lando\documents\github\pultec\windows\electron eq\builds\visualstudio2019\x64\release\shared code\electron eq_sharedcode.pdb
c:\users\lando\documents\github\pultec\windows\electron eq\builds\visualstudio2019\x64\release\shared code\electron eq.lib
c:\users\lando\documents\github\pultec\windows\electron eq\builds\visualstudio2019\x64\release\shared code\electron.c038b11b.tlog\cl.10532.write.1.tlog
c:\users\lando\documents\github\pultec\windows\electron eq\builds\visualstudio2019\x64\release\shared code\electron.c038b11b.tlog\cl.command.1.tlog
c:\users\lando\documents\github\pultec\windows\electron eq\builds\visualstudio2019\x64\release\shared code\electron.c038b11b.tlog\cl.read.1.tlog
c:\users\lando\documents\github\pultec\windows\electron eq\builds\visualstudio2019\x64\release\shared code\electron.c038b11b.tlog\lib-link.read.1.tlog
c:\users\lando\documents\github\pultec\windows\electron eq\builds\visualstudio2019\x64\release\shared code\electron.c038b11b.tlog\lib-link.write.1.tlog
c:\users\lando\documents\github\pultec\windows\electron eq\builds\visualstudio2019\x64\release\shared code\electron.c038b11b.tlog\lib.command.1.tlog
