c:\users\lando\documents\github\gainstager\windows\gainstager\builds\visualstudio2019\x64\release\shared code\pluginprocessor.obj
c:\users\lando\documents\github\gainstager\windows\gainstager\builds\visualstudio2019\x64\release\shared code\include_juce_audio_devices.obj
c:\users\lando\documents\github\gainstager\windows\gainstager\builds\visualstudio2019\x64\release\shared code\include_juce_audio_formats.obj
c:\users\lando\documents\github\gainstager\windows\gainstager\builds\visualstudio2019\x64\release\shared code\include_juce_audio_processors.obj
c:\users\lando\documents\github\gainstager\windows\gainstager\builds\visualstudio2019\x64\release\shared code\parameters.obj
c:\users\lando\documents\github\gainstager\windows\gainstager\builds\visualstudio2019\x64\release\shared code\include_juce_events.obj
c:\users\lando\documents\github\gainstager\windows\gainstager\builds\visualstudio2019\x64\release\shared code\componentprops.obj
c:\users\lando\documents\github\gainstager\windows\gainstager\builds\visualstudio2019\x64\release\shared code\include_juce_gui_basics.obj
c:\users\lando\documents\github\gainstager\windows\gainstager\builds\visualstudio2019\x64\release\shared code\plugineditor.obj
c:\users\lando\documents\github\gainstager\windows\gainstager\builds\visualstudio2019\x64\release\shared code\include_juce_dsp.obj
c:\users\lando\documents\github\gainstager\windows\gainstager\builds\visualstudio2019\x64\release\shared code\signaldsp.obj
c:\users\lando\documents\github\gainstager\windows\gainstager\builds\visualstudio2019\x64\release\shared code\include_juce_gui_extra.obj
c:\users\lando\documents\github\gainstager\windows\gainstager\builds\visualstudio2019\x64\release\shared code\include_juce_audio_basics.obj
c:\users\lando\documents\github\gainstager\windows\gainstager\builds\visualstudio2019\x64\release\shared code\include_juce_audio_utils.obj
c:\users\lando\documents\github\gainstager\windows\gainstager\builds\visualstudio2019\x64\release\shared code\include_juce_audio_plugin_client_utils.obj
c:\users\lando\documents\github\gainstager\windows\gainstager\builds\visualstudio2019\x64\release\shared code\include_juce_graphics.obj
c:\users\lando\documents\github\gainstager\windows\gainstager\builds\visualstudio2019\x64\release\shared code\binarydata.obj
c:\users\lando\documents\github\gainstager\windows\gainstager\builds\visualstudio2019\x64\release\shared code\include_juce_core.obj
c:\users\lando\documents\github\gainstager\windows\gainstager\builds\visualstudio2019\x64\release\shared code\stylesheet.obj
c:\users\lando\documents\github\gainstager\windows\gainstager\builds\visualstudio2019\x64\release\shared code\include_juce_data_structures.obj
c:\users\lando\documents\github\gainstager\windows\gainstager\builds\visualstudio2019\x64\release\shared code\gainstager_sharedcode.pdb
c:\users\lando\documents\github\gainstager\windows\gainstager\builds\visualstudio2019\x64\release\shared code\gainstager.lib
c:\users\lando\documents\github\gainstager\windows\gainstager\builds\visualstudio2019\x64\release\shared code\gainstag.abb897e3.tlog\cl.10052.write.1.tlog
c:\users\lando\documents\github\gainstager\windows\gainstager\builds\visualstudio2019\x64\release\shared code\gainstag.abb897e3.tlog\cl.command.1.tlog
c:\users\lando\documents\github\gainstager\windows\gainstager\builds\visualstudio2019\x64\release\shared code\gainstag.abb897e3.tlog\cl.read.1.tlog
c:\users\lando\documents\github\gainstager\windows\gainstager\builds\visualstudio2019\x64\release\shared code\gainstag.abb897e3.tlog\lib-link.read.1.tlog
c:\users\lando\documents\github\gainstager\windows\gainstager\builds\visualstudio2019\x64\release\shared code\gainstag.abb897e3.tlog\lib-link.write.1.tlog
c:\users\lando\documents\github\gainstager\windows\gainstager\builds\visualstudio2019\x64\release\shared code\gainstag.abb897e3.tlog\lib.command.1.tlog
